<?xml version="1.0" encoding="UTF-8"?>
<testsuite name="me.patrykanuszczyk.yeelight.http.HttpExchangeCodecTest" tests="1" skipped="0" failures="0" errors="0" timestamp="2021-02-17T08:05:55" hostname="CHILLI-PC" time="0.014">
  <properties/>
  <testcase name="decodeRequest()" classname="me.patrykanuszczyk.yeelight.http.HttpExchangeCodecTest" time="0.014"/>
  <system-out><![CDATA[]]></system-out>
  <system-err><![CDATA[]]></system-err>
</testsuite>
